<?xml version="1.0" encoding="UTF-8"?>
<!-- Generated by org.testng.reporters.JUnitXMLReporter -->
<testsuite ignored="0" hostname="LAPTOP-9D0EIG4I" failures="0" tests="18" name="Default test" time="35.484" errors="0" timestamp="2023-10-15T11:35:28 IST">
  <testcase classname="TestSuit.UK_combinedTakeHomePayLessOrEqual£935_No" name="StartTool" time="9.203"/>
  <testcase classname="TestSuit.UK_combinedTakeHomePayLessOrEqual£935_No" name="Questionaire1" time="1.728"/>
  <testcase classname="TestSuit.UK_combinedTakeHomePayLessOrEqual£935_No" name="Questionaire2" time="1.736"/>
  <testcase classname="TestSuit.UK_combinedTakeHomePayLessOrEqual£935_No" name="Questionaire3" time="1.739"/>
  <testcase classname="TestSuit.UK_combinedTakeHomePayLessOrEqual£935_No" name="Questionaire4" time="1.941"/>
  <testcase classname="TestSuit.UK_combinedTakeHomePayLessOrEqual£935_No" name="Questionaire5" time="1.634"/>
  <testcase classname="TestSuit.UK_combinedTakeHomePayLessOrEqual£935_No" name="Questionaire6" time="1.733"/>
  <testcase classname="TestSuit.UK_combinedTakeHomePayLessOrEqual£935_No" name="Questionair7" time="1.664"/>
  <testcase classname="TestSuit.UK_combinedTakeHomePayLessOrEqual£935_No" name="Questionaire8" time="1.913"/>
  <testcase classname="TestSuit.UK_combinedTakeHomePayLessOrEqual£935_No" name="Questionaire9" time="1.652"/>
  <testcase classname="TestSuit.UK_combinedTakeHomePayLessOrEqual£935_No" name="Questionaire12" time="1.719"/>
  <testcase classname="TestSuit.UK_combinedTakeHomePayLessOrEqual£935_No" name="Questionaire13" time="1.858"/>
  <testcase classname="TestSuit.UK_combinedTakeHomePayLessOrEqual£935_No" name="Questionaire14" time="1.73"/>
  <testcase classname="TestSuit.UK_combinedTakeHomePayLessOrEqual£935_No" name="Questionaire15" time="1.513"/>
  <testcase classname="TestSuit.UK_combinedTakeHomePayLessOrEqual£935_No" name="Questionaire16" time="1.471"/>
  <testcase classname="TestSuit.UK_combinedTakeHomePayLessOrEqual£935_No" name="Questionaire17" time="1.933"/>
  <testcase classname="TestSuit.UK_combinedTakeHomePayLessOrEqual£935_No" name="Questionaire10" time="0.075"/>
  <testcase classname="TestSuit.UK_combinedTakeHomePayLessOrEqual£935_No" name="Questionaire11" time="0.138"/>
</testsuite> <!-- Default test -->
