<?xml version="1.0" encoding="UTF-8"?>
<!-- Generated by org.testng.reporters.JUnitXMLReporter -->
<testsuite ignored="0" hostname="LAPTOP-9D0EIG4I" failures="0" tests="12" name="Default test" time="15.317" errors="0" timestamp="2023-10-15T23:03:31 IST">
  <testcase classname="TestSuit.UK_AgeAbove16" name="StartTool" time="4.793"/>
  <testcase classname="TestSuit.UK_AgeAbove16" name="Questionaire1" time="1.043"/>
  <testcase classname="TestSuit.UK_AgeAbove16" name="Questionaire2" time="1.052"/>
  <testcase classname="TestSuit.UK_AgeAbove16" name="Questionaire3" time="1.073"/>
  <testcase classname="TestSuit.UK_AgeAbove16" name="Questionaire4" time="1.259"/>
  <testcase classname="TestSuit.UK_AgeAbove16" name="Questionaire5" time="1.046"/>
  <testcase classname="TestSuit.UK_AgeAbove16" name="Questionaire6" time="1.048"/>
  <testcase classname="TestSuit.UK_AgeAbove16" name="Questionair7" time="1.071"/>
  <testcase classname="TestSuit.UK_AgeAbove16" name="Questionaire8" time="0.566"/>
  <testcase classname="TestSuit.UK_AgeAbove16" name="Questionaire9" time="1.842"/>
  <testcase classname="TestSuit.UK_AgeAbove16" name="Questionaire10" time="0.078"/>
  <testcase classname="TestSuit.UK_AgeAbove16" name="Questionaire11" time="0.144"/>
</testsuite> <!-- Default test -->
