<?xml version="1.0" encoding="UTF-8"?>
<!-- Generated by org.testng.reporters.JUnitXMLReporter -->
<testsuite ignored="0" hostname="LAPTOP-9D0EIG4I" failures="0" tests="35" name="Test" time="289.267" errors="0" timestamp="2023-10-16T02:47:32 IST">
  <testcase classname="TestSuit.UK_AgeBelow16" name="StartTool" time="48.427"/>
  <testcase classname="TestSuit.UK_AgeBelow16" name="Questionaire1" time="1.129"/>
  <testcase classname="TestSuit.UK_AgeBelow16" name="Questionaire2" time="1.039"/>
  <testcase classname="TestSuit.UK_AgeBelow16" name="Questionaire3" time="1.049"/>
  <testcase classname="TestSuit.UK_AgeBelow16" name="Questionaire4" time="1.282"/>
  <testcase classname="TestSuit.UK_AgeBelow16" name="Questionaire10" time="0.087"/>
  <testcase classname="TestSuit.UK_AgeBelow16" name="Questionaire11" time="0.136"/>
  <testcase classname="TestSuit.UK_AgeAbove16" name="StartTool" time="3.879"/>
  <testcase classname="TestSuit.UK_AgeAbove16" name="Questionaire1" time="1.252"/>
  <testcase classname="TestSuit.UK_AgeAbove16" name="Questionaire2" time="1.28"/>
  <testcase classname="TestSuit.UK_AgeAbove16" name="Questionaire3" time="1.133"/>
  <testcase classname="TestSuit.UK_AgeAbove16" name="Questionaire4" time="1.341"/>
  <testcase classname="TestSuit.UK_AgeAbove16" name="Questionaire5" time="1.121"/>
  <testcase classname="TestSuit.UK_AgeAbove16" name="Questionaire6" time="1.096"/>
  <testcase classname="TestSuit.UK_AgeAbove16" name="Questionair7" time="1.132"/>
  <testcase classname="TestSuit.UK_AgeAbove16" name="Questionaire8" time="1.3"/>
  <testcase classname="TestSuit.UK_AgeAbove16" name="Questionaire9" time="1.217"/>
  <testcase classname="TestSuit.UK_AgeAbove16" name="Questionaire10" time="0.099"/>
  <testcase classname="TestSuit.UK_AgeAbove16" name="Questionaire11" time="0.16"/>
  <testcase classname="TestSuit.UK_combinedTakeHomePayLessOrEqual£435_No" name="Questionaire1" time="1.132"/>
  <testcase classname="TestSuit.UK_combinedTakeHomePayLessOrEqual£435_No" name="Questionaire2" time="1.064"/>
  <testcase classname="TestSuit.UK_combinedTakeHomePayLessOrEqual£435_No" name="Questionaire3" time="1.269"/>
  <testcase classname="TestSuit.UK_combinedTakeHomePayLessOrEqual£435_No" name="Questionaire4" time="1.305"/>
  <testcase classname="TestSuit.UK_combinedTakeHomePayLessOrEqual£435_No" name="Questionaire5" time="1.092"/>
  <testcase classname="TestSuit.UK_combinedTakeHomePayLessOrEqual£435_No" name="Questionaire6" time="1.121"/>
  <testcase classname="TestSuit.UK_combinedTakeHomePayLessOrEqual£435_No" name="Questionair7" time="1.066"/>
  <testcase classname="TestSuit.UK_combinedTakeHomePayLessOrEqual£435_No" name="Questionaire8" time="1.113"/>
  <testcase classname="TestSuit.UK_combinedTakeHomePayLessOrEqual£435_No" name="Questionaire9" time="1.182"/>
  <testcase classname="TestSuit.UK_combinedTakeHomePayLessOrEqual£435_No" name="Questionaire12" time="1.283"/>
  <testcase classname="TestSuit.UK_combinedTakeHomePayLessOrEqual£435_No" name="Questionaire13" time="1.102"/>
  <testcase classname="TestSuit.UK_combinedTakeHomePayLessOrEqual£435_No" name="Questionaire14" time="1.083"/>
  <testcase classname="TestSuit.UK_combinedTakeHomePayLessOrEqual£435_No" name="Questionaire15" time="1.118"/>
  <testcase classname="TestSuit.UK_combinedTakeHomePayLessOrEqual£435_No" name="Questionaire16" time="1.079"/>
  <testcase classname="TestSuit.UK_combinedTakeHomePayLessOrEqual£435_No" name="Questionaire17" time="1.139"/>
  <testcase classname="TestSuit.UK_combinedTakeHomePayLessOrEqual£435_No" name="Questionaire10" time="200.112"/>
</testsuite> <!-- Test -->
