<?xml version="1.0" encoding="UTF-8"?>
<!-- Generated by org.testng.reporters.JUnitXMLReporter -->
<testsuite ignored="0" hostname="LAPTOP-9D0EIG4I" failures="0" tests="36" name="Test" time="259.046" errors="0" timestamp="2023-10-31T02:12:53 IST">
  <testcase classname="TestSuit.UK_AgeBelow16" name="StartTool" time="5.144"/>
  <testcase classname="TestSuit.UK_AgeBelow16" name="Questionaire1" time="1.003"/>
  <testcase classname="TestSuit.UK_AgeBelow16" name="Questionaire2" time="1.186"/>
  <testcase classname="TestSuit.UK_AgeBelow16" name="Questionaire3" time="1.179"/>
  <testcase classname="TestSuit.UK_AgeBelow16" name="Questionaire4" time="1.139"/>
  <testcase classname="TestSuit.UK_AgeBelow16" name="Questionaire10" time="0.065"/>
  <testcase classname="TestSuit.UK_AgeBelow16" name="Questionaire11" time="0.139"/>
  <testcase classname="TestSuit.UK_AgeAbove16" name="StartTool" time="3.731"/>
  <testcase classname="TestSuit.UK_AgeAbove16" name="Questionaire1" time="1.113"/>
  <testcase classname="TestSuit.UK_AgeAbove16" name="Questionaire2" time="0.985"/>
  <testcase classname="TestSuit.UK_AgeAbove16" name="Questionaire3" time="1.164"/>
  <testcase classname="TestSuit.UK_AgeAbove16" name="Questionaire4" time="1.167"/>
  <testcase classname="TestSuit.UK_AgeAbove16" name="Questionaire5" time="1.119"/>
  <testcase classname="TestSuit.UK_AgeAbove16" name="Questionaire6" time="0.991"/>
  <testcase classname="TestSuit.UK_AgeAbove16" name="Questionair7" time="1.0"/>
  <testcase classname="TestSuit.UK_AgeAbove16" name="Questionaire8" time="1.256"/>
  <testcase classname="TestSuit.UK_AgeAbove16" name="Questionaire9" time="1.098"/>
  <testcase classname="TestSuit.UK_AgeAbove16" name="Questionaire10" time="0.061"/>
  <testcase classname="TestSuit.UK_AgeAbove16" name="Questionaire11" time="0.12"/>
  <testcase classname="TestSuit.UK_combinedTakeHomePayLessOrEqual£435_No" name="Questionaire1" time="2.444"/>
  <testcase classname="TestSuit.UK_combinedTakeHomePayLessOrEqual£435_No" name="Questionaire2" time="2.488"/>
  <testcase classname="TestSuit.UK_combinedTakeHomePayLessOrEqual£435_No" name="Questionaire3" time="2.779"/>
  <testcase classname="TestSuit.UK_combinedTakeHomePayLessOrEqual£435_No" name="Questionaire4" time="2.523"/>
  <testcase classname="TestSuit.UK_combinedTakeHomePayLessOrEqual£435_No" name="Questionaire5" time="2.357"/>
  <testcase classname="TestSuit.UK_combinedTakeHomePayLessOrEqual£435_No" name="Questionaire6" time="2.455"/>
  <testcase classname="TestSuit.UK_combinedTakeHomePayLessOrEqual£435_No" name="Questionair7" time="2.362"/>
  <testcase classname="TestSuit.UK_combinedTakeHomePayLessOrEqual£435_No" name="Questionaire8" time="3.065"/>
  <testcase classname="TestSuit.UK_combinedTakeHomePayLessOrEqual£435_No" name="Questionaire9" time="2.349"/>
  <testcase classname="TestSuit.UK_combinedTakeHomePayLessOrEqual£435_No" name="Questionaire12" time="1.084"/>
  <testcase classname="TestSuit.UK_combinedTakeHomePayLessOrEqual£435_No" name="Questionaire13" time="1.091"/>
  <testcase classname="TestSuit.UK_combinedTakeHomePayLessOrEqual£435_No" name="Questionaire14" time="1.184"/>
  <testcase classname="TestSuit.UK_combinedTakeHomePayLessOrEqual£435_No" name="Questionaire15" time="0.992"/>
  <testcase classname="TestSuit.UK_combinedTakeHomePayLessOrEqual£435_No" name="Questionaire16" time="1.142"/>
  <testcase classname="TestSuit.UK_combinedTakeHomePayLessOrEqual£435_No" name="Questionaire17" time="1.244"/>
  <testcase classname="TestSuit.UK_combinedTakeHomePayLessOrEqual£435_No" name="Questionaire10" time="200.102"/>
  <testcase classname="TestSuit.UK_combinedTakeHomePayLessOrEqual£435_No" name="Questionaire11" time="0.194"/>
</testsuite> <!-- Test -->
