<?xml version="1.0" encoding="UTF-8"?>
<!-- Generated by org.testng.reporters.JUnitXMLReporter -->
<testsuite ignored="0" hostname="LAPTOP-9D0EIG4I" failures="0" tests="35" name="Test" time="245.292" errors="0" timestamp="2023-10-15T23:35:06 IST">
  <testcase classname="TestSuit.UK_AgeBelow16" name="StartTool" time="4.677"/>
  <testcase classname="TestSuit.UK_AgeBelow16" name="Questionaire1" time="1.121"/>
  <testcase classname="TestSuit.UK_AgeBelow16" name="Questionaire2" time="1.118"/>
  <testcase classname="TestSuit.UK_AgeBelow16" name="Questionaire3" time="1.076"/>
  <testcase classname="TestSuit.UK_AgeBelow16" name="Questionaire4" time="1.255"/>
  <testcase classname="TestSuit.UK_AgeBelow16" name="Questionaire10" time="0.072"/>
  <testcase classname="TestSuit.UK_AgeBelow16" name="Questionaire11" time="0.152"/>
  <testcase classname="TestSuit.UK_AgeAbove16" name="StartTool" time="4.35"/>
  <testcase classname="TestSuit.UK_AgeAbove16" name="Questionaire1" time="1.108"/>
  <testcase classname="TestSuit.UK_AgeAbove16" name="Questionaire2" time="1.09"/>
  <testcase classname="TestSuit.UK_AgeAbove16" name="Questionaire3" time="1.074"/>
  <testcase classname="TestSuit.UK_AgeAbove16" name="Questionaire4" time="1.266"/>
  <testcase classname="TestSuit.UK_AgeAbove16" name="Questionaire5" time="1.043"/>
  <testcase classname="TestSuit.UK_AgeAbove16" name="Questionaire6" time="1.032"/>
  <testcase classname="TestSuit.UK_AgeAbove16" name="Questionair7" time="1.057"/>
  <testcase classname="TestSuit.UK_AgeAbove16" name="Questionaire8" time="1.072"/>
  <testcase classname="TestSuit.UK_AgeAbove16" name="Questionaire9" time="1.163"/>
  <testcase classname="TestSuit.UK_AgeAbove16" name="Questionaire10" time="0.075"/>
  <testcase classname="TestSuit.UK_AgeAbove16" name="Questionaire11" time="0.128"/>
  <testcase classname="TestSuit.UK_combinedTakeHomePayLessOrEqual£435_No" name="Questionaire1" time="1.231"/>
  <testcase classname="TestSuit.UK_combinedTakeHomePayLessOrEqual£435_No" name="Questionaire2" time="1.199"/>
  <testcase classname="TestSuit.UK_combinedTakeHomePayLessOrEqual£435_No" name="Questionaire3" time="1.067"/>
  <testcase classname="TestSuit.UK_combinedTakeHomePayLessOrEqual£435_No" name="Questionaire4" time="1.252"/>
  <testcase classname="TestSuit.UK_combinedTakeHomePayLessOrEqual£435_No" name="Questionaire5" time="1.116"/>
  <testcase classname="TestSuit.UK_combinedTakeHomePayLessOrEqual£435_No" name="Questionaire6" time="1.079"/>
  <testcase classname="TestSuit.UK_combinedTakeHomePayLessOrEqual£435_No" name="Questionair7" time="1.112"/>
  <testcase classname="TestSuit.UK_combinedTakeHomePayLessOrEqual£435_No" name="Questionaire8" time="1.227"/>
  <testcase classname="TestSuit.UK_combinedTakeHomePayLessOrEqual£435_No" name="Questionaire9" time="1.134"/>
  <testcase classname="TestSuit.UK_combinedTakeHomePayLessOrEqual£435_No" name="Questionaire12" time="1.072"/>
  <testcase classname="TestSuit.UK_combinedTakeHomePayLessOrEqual£435_No" name="Questionaire13" time="1.061"/>
  <testcase classname="TestSuit.UK_combinedTakeHomePayLessOrEqual£435_No" name="Questionaire14" time="1.062"/>
  <testcase classname="TestSuit.UK_combinedTakeHomePayLessOrEqual£435_No" name="Questionaire15" time="1.126"/>
  <testcase classname="TestSuit.UK_combinedTakeHomePayLessOrEqual£435_No" name="Questionaire16" time="1.07"/>
  <testcase classname="TestSuit.UK_combinedTakeHomePayLessOrEqual£435_No" name="Questionaire17" time="1.257"/>
  <testcase classname="TestSuit.UK_combinedTakeHomePayLessOrEqual£435_No" name="Questionaire10" time="200.122"/>
</testsuite> <!-- Test -->
