<?xml version="1.0" encoding="UTF-8"?>
<!-- Generated by org.testng.reporters.JUnitXMLReporter -->
<testsuite ignored="0" hostname="LAPTOP-9D0EIG4I" failures="0" tests="16" name="Test2" time="169.902" errors="0" timestamp="2023-10-15T22:25:22 IST">
  <testcase classname="TestSuit.UK_combinedTakeHomePayLessOrEqual£435_No" name="@BeforeClass StartTool" time="169.811">
    <failure type="io.github.bonigarcia.wdm.config.WebDriverManagerException" message="org.apache.hc.client5.http.HttpHostConnectException: Connect to https://raw.githubusercontent.com:443 [raw.githubusercontent.com/49.44.79.236, raw.githubusercontent.com/2405:200:1607:2820:41:0:0:36] failed: Connection timed out: no further information">
      <![CDATA[io.github.bonigarcia.wdm.config.WebDriverManagerException: org.apache.hc.client5.http.HttpHostConnectException: Connect to https://raw.githubusercontent.com:443 [raw.githubusercontent.com/49.44.79.236, raw.githubusercontent.com/2405:200:1607:2820:41:0:0:36] failed: Connection timed out: no further information
at io.github.bonigarcia.wdm.WebDriverManager.handleException(WebDriverManager.java:1409)
at io.github.bonigarcia.wdm.WebDriverManager.manage(WebDriverManager.java:1183)
at io.github.bonigarcia.wdm.WebDriverManager.fallback(WebDriverManager.java:1425)
at io.github.bonigarcia.wdm.WebDriverManager.handleException(WebDriverManager.java:1402)
at io.github.bonigarcia.wdm.WebDriverManager.manage(WebDriverManager.java:1183)
at io.github.bonigarcia.wdm.WebDriverManager.setup(WebDriverManager.java:425)
at TestSuit.UK_combinedTakeHomePayLessOrEqual£435_No.StartTool(UK_combinedTakeHomePayLessOrEqual£435_No.java:51)
at java.base/java.util.ArrayList.forEach(ArrayList.java:1511)
at java.base/java.util.concurrent.FutureTask.run(FutureTask.java:317)
at java.base/java.util.concurrent.ThreadPoolExecutor.runWorker(ThreadPoolExecutor.java:1144)
at java.base/java.util.concurrent.ThreadPoolExecutor$Worker.run(ThreadPoolExecutor.java:642)
at java.base/java.lang.Thread.run(Thread.java:1623)
Caused by: org.apache.hc.client5.http.HttpHostConnectException: Connect to https://raw.githubusercontent.com:443 [raw.githubusercontent.com/49.44.79.236, raw.githubusercontent.com/2405:200:1607:2820:41:0:0:36] failed: Connection timed out: no further information
at java.base/sun.nio.ch.Net.pollConnect(Native Method)
at java.base/sun.nio.ch.Net.pollConnectNow(Net.java:673)
at java.base/sun.nio.ch.NioSocketImpl.timedFinishConnect(NioSocketImpl.java:547)
at java.base/sun.nio.ch.NioSocketImpl.connect(NioSocketImpl.java:590)
at java.base/java.net.SocksSocketImpl.connect(SocksSocketImpl.java:327)
at java.base/java.net.Socket.connect(Socket.java:666)
at org.apache.hc.client5.http.ssl.SSLConnectionSocketFactory.lambda$connectSocket$0(SSLConnectionSocketFactory.java:232)
at java.base/java.security.AccessController.doPrivileged(AccessController.java:571)
at org.apache.hc.client5.http.ssl.SSLConnectionSocketFactory.connectSocket(SSLConnectionSocketFactory.java:231)
at org.apache.hc.client5.http.impl.io.DefaultHttpClientConnectionOperator.connect(DefaultHttpClientConnectionOperator.java:181)
at org.apache.hc.client5.http.impl.io.PoolingHttpClientConnectionManager.connect(PoolingHttpClientConnectionManager.java:447)
at org.apache.hc.client5.http.impl.classic.InternalExecRuntime.connectEndpoint(InternalExecRuntime.java:162)
at org.apache.hc.client5.http.impl.classic.InternalExecRuntime.connectEndpoint(InternalExecRuntime.java:172)
at org.apache.hc.client5.http.impl.classic.ConnectExec.execute(ConnectExec.java:142)
at org.apache.hc.client5.http.impl.classic.ExecChainElement.execute(ExecChainElement.java:51)
at org.apache.hc.client5.http.impl.classic.ProtocolExec.execute(ProtocolExec.java:192)
at org.apache.hc.client5.http.impl.classic.ExecChainElement.execute(ExecChainElement.java:51)
at org.apache.hc.client5.http.impl.classic.HttpRequestRetryExec.execute(HttpRequestRetryExec.java:96)
at org.apache.hc.client5.http.impl.classic.ExecChainElement.execute(ExecChainElement.java:51)
at org.apache.hc.client5.http.impl.classic.ContentCompressionExec.execute(ContentCompressionExec.java:152)
at org.apache.hc.client5.http.impl.classic.ExecChainElement.execute(ExecChainElement.java:51)
at org.apache.hc.client5.http.impl.classic.RedirectExec.execute(RedirectExec.java:115)
at org.apache.hc.client5.http.impl.classic.ExecChainElement.execute(ExecChainElement.java:51)
at org.apache.hc.client5.http.impl.classic.InternalHttpClient.doExecute(InternalHttpClient.java:170)
at org.apache.hc.client5.http.impl.classic.CloseableHttpClient.execute(CloseableHttpClient.java:87)
at org.apache.hc.client5.http.impl.classic.CloseableHttpClient.execute(CloseableHttpClient.java:55)
at org.apache.hc.client5.http.classic.HttpClient.executeOpen(HttpClient.java:183)
at io.github.bonigarcia.wdm.online.HttpClient.execute(HttpClient.java:162)
at io.github.bonigarcia.wdm.WebDriverManager.openGitHubConnection(WebDriverManager.java:1592)
at io.github.bonigarcia.wdm.WebDriverManager.getDriversFromGitHub(WebDriverManager.java:1606)
at io.github.bonigarcia.wdm.managers.FirefoxDriverManager.getDriverUrls(FirefoxDriverManager.java:102)
at io.github.bonigarcia.wdm.WebDriverManager.createUrlHandler(WebDriverManager.java:1430)
at io.github.bonigarcia.wdm.WebDriverManager.download(WebDriverManager.java:1258)
at io.github.bonigarcia.wdm.WebDriverManager.manage(WebDriverManager.java:1177)
... 24 more
... Removed 14 stack frames]]>
    </failure>
  </testcase> <!-- @BeforeClass StartTool -->
  <testcase classname="TestSuit.UK_combinedTakeHomePayLessOrEqual£435_No" name="@AfterClass Questionaire11" time="-1.697388922247E9">
    <skipped/>
  </testcase> <!-- @AfterClass Questionaire11 -->
  <testcase classname="TestSuit.UK_combinedTakeHomePayLessOrEqual£435_No" name="Questionaire1" time="0.0">
    <skipped/>
  </testcase> <!-- Questionaire1 -->
  <testcase classname="TestSuit.UK_combinedTakeHomePayLessOrEqual£435_No" name="Questionaire2" time="0.0">
    <skipped/>
  </testcase> <!-- Questionaire2 -->
  <testcase classname="TestSuit.UK_combinedTakeHomePayLessOrEqual£435_No" name="Questionaire3" time="0.0">
    <skipped/>
  </testcase> <!-- Questionaire3 -->
  <testcase classname="TestSuit.UK_combinedTakeHomePayLessOrEqual£435_No" name="Questionaire4" time="0.0">
    <skipped/>
  </testcase> <!-- Questionaire4 -->
  <testcase classname="TestSuit.UK_combinedTakeHomePayLessOrEqual£435_No" name="Questionaire5" time="0.0">
    <skipped/>
  </testcase> <!-- Questionaire5 -->
  <testcase classname="TestSuit.UK_combinedTakeHomePayLessOrEqual£435_No" name="Questionaire6" time="0.0">
    <skipped/>
  </testcase> <!-- Questionaire6 -->
  <testcase classname="TestSuit.UK_combinedTakeHomePayLessOrEqual£435_No" name="Questionair7" time="0.0">
    <skipped/>
  </testcase> <!-- Questionair7 -->
  <testcase classname="TestSuit.UK_combinedTakeHomePayLessOrEqual£435_No" name="Questionaire8" time="0.0">
    <skipped/>
  </testcase> <!-- Questionaire8 -->
  <testcase classname="TestSuit.UK_combinedTakeHomePayLessOrEqual£435_No" name="Questionaire9" time="0.0">
    <skipped/>
  </testcase> <!-- Questionaire9 -->
  <testcase classname="TestSuit.UK_combinedTakeHomePayLessOrEqual£435_No" name="Questionaire12" time="0.0">
    <skipped/>
  </testcase> <!-- Questionaire12 -->
  <testcase classname="TestSuit.UK_combinedTakeHomePayLessOrEqual£435_No" name="Questionaire13" time="0.0">
    <skipped/>
  </testcase> <!-- Questionaire13 -->
  <testcase classname="TestSuit.UK_combinedTakeHomePayLessOrEqual£435_No" name="Questionaire14" time="0.0">
    <skipped/>
  </testcase> <!-- Questionaire14 -->
  <testcase classname="TestSuit.UK_combinedTakeHomePayLessOrEqual£435_No" name="Questionaire15" time="0.0">
    <skipped/>
  </testcase> <!-- Questionaire15 -->
  <testcase classname="TestSuit.UK_combinedTakeHomePayLessOrEqual£435_No" name="Questionaire16" time="0.0">
    <skipped/>
  </testcase> <!-- Questionaire16 -->
  <testcase classname="TestSuit.UK_combinedTakeHomePayLessOrEqual£435_No" name="Questionaire17" time="0.0">
    <skipped/>
  </testcase> <!-- Questionaire17 -->
  <testcase classname="TestSuit.UK_combinedTakeHomePayLessOrEqual£435_No" name="Questionaire10" time="0.0">
    <skipped/>
  </testcase> <!-- Questionaire10 -->
</testsuite> <!-- Test2 -->
