<?xml version="1.0" encoding="UTF-8"?>
<testng-results ignored="0" total="32" passed="32" failed="0" skipped="0">
  <reporter-output>
  </reporter-output>
  <suite started-at="2023-10-15T19:00:08 IST" name="Suite" finished-at="2023-10-15T19:03:56 IST" duration-ms="227493">
    <groups>
    </groups>
    <test started-at="2023-10-15T19:00:08 IST" name="Test" finished-at="2023-10-15T19:03:54 IST" duration-ms="225807">
      <class name="TestSuit.UK_combinedTakeHomePayLessOrEqual£435_No">
        <test-method is-config="true" signature="StartTool(java.lang.String)[pri:0, instance:TestSuit.UK_combinedTakeHomePayLessOrEqual£435_No@29cfd92b]" started-at="2023-10-15T19:00:08 IST" name="StartTool" finished-at="2023-10-15T19:00:15 IST" duration-ms="6719" status="PASS">
          <params>
            <param index="0">
              <value>
                <![CDATA[chrome]]>
              </value>
            </param>
          </params>
          <reporter-output>
          </reporter-output>
        </test-method> <!-- StartTool -->
        <test-method signature="Questionaire1()[pri:1, instance:TestSuit.UK_combinedTakeHomePayLessOrEqual£435_No@29cfd92b]" started-at="2023-10-15T19:00:15 IST" name="Questionaire1" finished-at="2023-10-15T19:00:16 IST" duration-ms="1428" status="PASS">
          <reporter-output>
          </reporter-output>
        </test-method> <!-- Questionaire1 -->
        <test-method signature="Questionaire2()[pri:3, instance:TestSuit.UK_combinedTakeHomePayLessOrEqual£435_No@29cfd92b]" started-at="2023-10-15T19:00:16 IST" name="Questionaire2" finished-at="2023-10-15T19:00:18 IST" duration-ms="1229" status="PASS">
          <reporter-output>
          </reporter-output>
        </test-method> <!-- Questionaire2 -->
        <test-method signature="Questionaire3()[pri:4, instance:TestSuit.UK_combinedTakeHomePayLessOrEqual£435_No@29cfd92b]" started-at="2023-10-15T19:00:18 IST" name="Questionaire3" finished-at="2023-10-15T19:00:19 IST" duration-ms="1361" status="PASS">
          <reporter-output>
          </reporter-output>
        </test-method> <!-- Questionaire3 -->
        <test-method signature="Questionaire4()[pri:5, instance:TestSuit.UK_combinedTakeHomePayLessOrEqual£435_No@29cfd92b]" started-at="2023-10-15T19:00:19 IST" name="Questionaire4" finished-at="2023-10-15T19:00:20 IST" duration-ms="1261" status="PASS">
          <reporter-output>
          </reporter-output>
        </test-method> <!-- Questionaire4 -->
        <test-method signature="Questionaire5()[pri:6, instance:TestSuit.UK_combinedTakeHomePayLessOrEqual£435_No@29cfd92b]" started-at="2023-10-15T19:00:20 IST" name="Questionaire5" finished-at="2023-10-15T19:00:21 IST" duration-ms="1124" status="PASS">
          <reporter-output>
          </reporter-output>
        </test-method> <!-- Questionaire5 -->
        <test-method signature="Questionaire6()[pri:7, instance:TestSuit.UK_combinedTakeHomePayLessOrEqual£435_No@29cfd92b]" started-at="2023-10-15T19:00:21 IST" name="Questionaire6" finished-at="2023-10-15T19:00:23 IST" duration-ms="1058" status="PASS">
          <reporter-output>
          </reporter-output>
        </test-method> <!-- Questionaire6 -->
        <test-method signature="Questionair7()[pri:8, instance:TestSuit.UK_combinedTakeHomePayLessOrEqual£435_No@29cfd92b]" started-at="2023-10-15T19:00:23 IST" name="Questionair7" finished-at="2023-10-15T19:00:24 IST" duration-ms="1265" status="PASS">
          <reporter-output>
          </reporter-output>
        </test-method> <!-- Questionair7 -->
        <test-method signature="Questionaire8()[pri:9, instance:TestSuit.UK_combinedTakeHomePayLessOrEqual£435_No@29cfd92b]" started-at="2023-10-15T19:00:24 IST" name="Questionaire8" finished-at="2023-10-15T19:00:25 IST" duration-ms="1532" status="PASS">
          <reporter-output>
          </reporter-output>
        </test-method> <!-- Questionaire8 -->
        <test-method signature="Questionaire9()[pri:10, instance:TestSuit.UK_combinedTakeHomePayLessOrEqual£435_No@29cfd92b]" started-at="2023-10-15T19:00:25 IST" name="Questionaire9" finished-at="2023-10-15T19:00:27 IST" duration-ms="1270" status="PASS">
          <reporter-output>
          </reporter-output>
        </test-method> <!-- Questionaire9 -->
        <test-method signature="Questionaire12()[pri:11, instance:TestSuit.UK_combinedTakeHomePayLessOrEqual£435_No@29cfd92b]" started-at="2023-10-15T19:00:27 IST" name="Questionaire12" finished-at="2023-10-15T19:00:28 IST" duration-ms="1117" status="PASS">
          <reporter-output>
          </reporter-output>
        </test-method> <!-- Questionaire12 -->
        <test-method signature="Questionaire13()[pri:12, instance:TestSuit.UK_combinedTakeHomePayLessOrEqual£435_No@29cfd92b]" started-at="2023-10-15T19:00:28 IST" name="Questionaire13" finished-at="2023-10-15T19:00:29 IST" duration-ms="1175" status="PASS">
          <reporter-output>
          </reporter-output>
        </test-method> <!-- Questionaire13 -->
        <test-method signature="Questionaire14()[pri:13, instance:TestSuit.UK_combinedTakeHomePayLessOrEqual£435_No@29cfd92b]" started-at="2023-10-15T19:00:29 IST" name="Questionaire14" finished-at="2023-10-15T19:00:30 IST" duration-ms="1270" status="PASS">
          <reporter-output>
          </reporter-output>
        </test-method> <!-- Questionaire14 -->
        <test-method signature="Questionaire15()[pri:14, instance:TestSuit.UK_combinedTakeHomePayLessOrEqual£435_No@29cfd92b]" started-at="2023-10-15T19:00:30 IST" name="Questionaire15" finished-at="2023-10-15T19:00:31 IST" duration-ms="1111" status="PASS">
          <reporter-output>
          </reporter-output>
        </test-method> <!-- Questionaire15 -->
        <test-method signature="Questionaire16()[pri:15, instance:TestSuit.UK_combinedTakeHomePayLessOrEqual£435_No@29cfd92b]" started-at="2023-10-15T19:00:31 IST" name="Questionaire16" finished-at="2023-10-15T19:00:32 IST" duration-ms="1237" status="PASS">
          <reporter-output>
          </reporter-output>
        </test-method> <!-- Questionaire16 -->
        <test-method signature="Questionaire17()[pri:16, instance:TestSuit.UK_combinedTakeHomePayLessOrEqual£435_No@29cfd92b]" started-at="2023-10-15T19:00:32 IST" name="Questionaire17" finished-at="2023-10-15T19:00:34 IST" duration-ms="1399" status="PASS">
          <reporter-output>
          </reporter-output>
        </test-method> <!-- Questionaire17 -->
        <test-method signature="Questionaire10()[pri:17, instance:TestSuit.UK_combinedTakeHomePayLessOrEqual£435_No@29cfd92b]" started-at="2023-10-15T19:00:34 IST" name="Questionaire10" finished-at="2023-10-15T19:03:54 IST" duration-ms="200090" status="PASS">
          <reporter-output>
          </reporter-output>
        </test-method> <!-- Questionaire10 -->
        <test-method is-config="true" signature="Questionaire11()[pri:0, instance:TestSuit.UK_combinedTakeHomePayLessOrEqual£435_No@29cfd92b]" started-at="2023-10-15T19:03:54 IST" name="Questionaire11" finished-at="2023-10-15T19:03:54 IST" duration-ms="82" status="PASS">
          <reporter-output>
          </reporter-output>
        </test-method> <!-- Questionaire11 -->
      </class> <!-- TestSuit.UK_combinedTakeHomePayLessOrEqual£435_No -->
    </test> <!-- Test -->
    <test started-at="2023-10-15T19:00:08 IST" name="Test1" finished-at="2023-10-15T19:03:56 IST" duration-ms="227493">
      <class name="TestSuit.UK_combinedTakeHomePayLessOrEqual£435_No">
        <test-method is-config="true" signature="StartTool(java.lang.String)[pri:0, instance:TestSuit.UK_combinedTakeHomePayLessOrEqual£435_No@37cd92d6]" started-at="2023-10-15T19:00:08 IST" name="StartTool" finished-at="2023-10-15T19:00:16 IST" duration-ms="7479" status="PASS">
          <params>
            <param index="0">
              <value>
                <![CDATA[edge]]>
              </value>
            </param>
          </params>
          <reporter-output>
          </reporter-output>
        </test-method> <!-- StartTool -->
        <test-method signature="Questionaire1()[pri:1, instance:TestSuit.UK_combinedTakeHomePayLessOrEqual£435_No@37cd92d6]" started-at="2023-10-15T19:00:16 IST" name="Questionaire1" finished-at="2023-10-15T19:00:17 IST" duration-ms="1502" status="PASS">
          <reporter-output>
          </reporter-output>
        </test-method> <!-- Questionaire1 -->
        <test-method signature="Questionaire2()[pri:3, instance:TestSuit.UK_combinedTakeHomePayLessOrEqual£435_No@37cd92d6]" started-at="2023-10-15T19:00:17 IST" name="Questionaire2" finished-at="2023-10-15T19:00:19 IST" duration-ms="1221" status="PASS">
          <reporter-output>
          </reporter-output>
        </test-method> <!-- Questionaire2 -->
        <test-method signature="Questionaire3()[pri:4, instance:TestSuit.UK_combinedTakeHomePayLessOrEqual£435_No@37cd92d6]" started-at="2023-10-15T19:00:19 IST" name="Questionaire3" finished-at="2023-10-15T19:00:20 IST" duration-ms="1183" status="PASS">
          <reporter-output>
          </reporter-output>
        </test-method> <!-- Questionaire3 -->
        <test-method signature="Questionaire4()[pri:5, instance:TestSuit.UK_combinedTakeHomePayLessOrEqual£435_No@37cd92d6]" started-at="2023-10-15T19:00:20 IST" name="Questionaire4" finished-at="2023-10-15T19:00:21 IST" duration-ms="1300" status="PASS">
          <reporter-output>
          </reporter-output>
        </test-method> <!-- Questionaire4 -->
        <test-method signature="Questionaire5()[pri:6, instance:TestSuit.UK_combinedTakeHomePayLessOrEqual£435_No@37cd92d6]" started-at="2023-10-15T19:00:21 IST" name="Questionaire5" finished-at="2023-10-15T19:00:22 IST" duration-ms="1162" status="PASS">
          <reporter-output>
          </reporter-output>
        </test-method> <!-- Questionaire5 -->
        <test-method signature="Questionaire6()[pri:7, instance:TestSuit.UK_combinedTakeHomePayLessOrEqual£435_No@37cd92d6]" started-at="2023-10-15T19:00:22 IST" name="Questionaire6" finished-at="2023-10-15T19:00:23 IST" duration-ms="1135" status="PASS">
          <reporter-output>
          </reporter-output>
        </test-method> <!-- Questionaire6 -->
        <test-method signature="Questionair7()[pri:8, instance:TestSuit.UK_combinedTakeHomePayLessOrEqual£435_No@37cd92d6]" started-at="2023-10-15T19:00:23 IST" name="Questionair7" finished-at="2023-10-15T19:00:25 IST" duration-ms="1289" status="PASS">
          <reporter-output>
          </reporter-output>
        </test-method> <!-- Questionair7 -->
        <test-method signature="Questionaire8()[pri:9, instance:TestSuit.UK_combinedTakeHomePayLessOrEqual£435_No@37cd92d6]" started-at="2023-10-15T19:00:25 IST" name="Questionaire8" finished-at="2023-10-15T19:00:26 IST" duration-ms="1505" status="PASS">
          <reporter-output>
          </reporter-output>
        </test-method> <!-- Questionaire8 -->
        <test-method signature="Questionaire9()[pri:10, instance:TestSuit.UK_combinedTakeHomePayLessOrEqual£435_No@37cd92d6]" started-at="2023-10-15T19:00:26 IST" name="Questionaire9" finished-at="2023-10-15T19:00:27 IST" duration-ms="1234" status="PASS">
          <reporter-output>
          </reporter-output>
        </test-method> <!-- Questionaire9 -->
        <test-method signature="Questionaire12()[pri:11, instance:TestSuit.UK_combinedTakeHomePayLessOrEqual£435_No@37cd92d6]" started-at="2023-10-15T19:00:27 IST" name="Questionaire12" finished-at="2023-10-15T19:00:28 IST" duration-ms="1162" status="PASS">
          <reporter-output>
          </reporter-output>
        </test-method> <!-- Questionaire12 -->
        <test-method signature="Questionaire13()[pri:12, instance:TestSuit.UK_combinedTakeHomePayLessOrEqual£435_No@37cd92d6]" started-at="2023-10-15T19:00:28 IST" name="Questionaire13" finished-at="2023-10-15T19:00:30 IST" duration-ms="1280" status="PASS">
          <reporter-output>
          </reporter-output>
        </test-method> <!-- Questionaire13 -->
        <test-method signature="Questionaire14()[pri:13, instance:TestSuit.UK_combinedTakeHomePayLessOrEqual£435_No@37cd92d6]" started-at="2023-10-15T19:00:30 IST" name="Questionaire14" finished-at="2023-10-15T19:00:31 IST" duration-ms="1344" status="PASS">
          <reporter-output>
          </reporter-output>
        </test-method> <!-- Questionaire14 -->
        <test-method signature="Questionaire15()[pri:14, instance:TestSuit.UK_combinedTakeHomePayLessOrEqual£435_No@37cd92d6]" started-at="2023-10-15T19:00:31 IST" name="Questionaire15" finished-at="2023-10-15T19:00:32 IST" duration-ms="1365" status="PASS">
          <reporter-output>
          </reporter-output>
        </test-method> <!-- Questionaire15 -->
        <test-method signature="Questionaire16()[pri:15, instance:TestSuit.UK_combinedTakeHomePayLessOrEqual£435_No@37cd92d6]" started-at="2023-10-15T19:00:32 IST" name="Questionaire16" finished-at="2023-10-15T19:00:33 IST" duration-ms="645" status="PASS">
          <reporter-output>
          </reporter-output>
        </test-method> <!-- Questionaire16 -->
        <test-method signature="Questionaire17()[pri:16, instance:TestSuit.UK_combinedTakeHomePayLessOrEqual£435_No@37cd92d6]" started-at="2023-10-15T19:00:33 IST" name="Questionaire17" finished-at="2023-10-15T19:00:35 IST" duration-ms="2310" status="PASS">
          <reporter-output>
          </reporter-output>
        </test-method> <!-- Questionaire17 -->
        <test-method signature="Questionaire10()[pri:17, instance:TestSuit.UK_combinedTakeHomePayLessOrEqual£435_No@37cd92d6]" started-at="2023-10-15T19:00:35 IST" name="Questionaire10" finished-at="2023-10-15T19:03:56 IST" duration-ms="200091" status="PASS">
          <reporter-output>
          </reporter-output>
        </test-method> <!-- Questionaire10 -->
        <test-method is-config="true" signature="Questionaire11()[pri:0, instance:TestSuit.UK_combinedTakeHomePayLessOrEqual£435_No@37cd92d6]" started-at="2023-10-15T19:03:56 IST" name="Questionaire11" finished-at="2023-10-15T19:03:56 IST" duration-ms="214" status="PASS">
          <reporter-output>
          </reporter-output>
        </test-method> <!-- Questionaire11 -->
      </class> <!-- TestSuit.UK_combinedTakeHomePayLessOrEqual£435_No -->
    </test> <!-- Test1 -->
  </suite> <!-- Suite -->
</testng-results>
