<?xml version="1.0" encoding="UTF-8"?>
<testng-results ignored="0" total="36" passed="36" failed="0" skipped="0">
  <reporter-output>
  </reporter-output>
  <suite started-at="2023-10-31T02:08:34 IST" name="Suite" finished-at="2023-10-31T02:12:53 IST" duration-ms="259046">
    <groups>
    </groups>
    <test started-at="2023-10-31T02:08:34 IST" name="Test" finished-at="2023-10-31T02:12:53 IST" duration-ms="259046">
      <class name="TestSuit.UK_AgeAbove16">
        <test-method signature="StartTool()[pri:0, instance:TestSuit.UK_AgeAbove16@35d019a3]" started-at="2023-10-31T02:08:44 IST" name="StartTool" finished-at="2023-10-31T02:08:48 IST" duration-ms="3731" status="PASS">
          <reporter-output>
          </reporter-output>
        </test-method> <!-- StartTool -->
        <test-method signature="Questionaire1()[pri:1, instance:TestSuit.UK_AgeAbove16@35d019a3]" started-at="2023-10-31T02:08:48 IST" name="Questionaire1" finished-at="2023-10-31T02:08:49 IST" duration-ms="1113" status="PASS">
          <reporter-output>
          </reporter-output>
        </test-method> <!-- Questionaire1 -->
        <test-method signature="Questionaire2()[pri:3, instance:TestSuit.UK_AgeAbove16@35d019a3]" started-at="2023-10-31T02:08:49 IST" name="Questionaire2" finished-at="2023-10-31T02:08:50 IST" duration-ms="985" status="PASS">
          <reporter-output>
          </reporter-output>
        </test-method> <!-- Questionaire2 -->
        <test-method signature="Questionaire3()[pri:4, instance:TestSuit.UK_AgeAbove16@35d019a3]" started-at="2023-10-31T02:08:50 IST" name="Questionaire3" finished-at="2023-10-31T02:08:51 IST" duration-ms="1164" status="PASS">
          <reporter-output>
          </reporter-output>
        </test-method> <!-- Questionaire3 -->
        <test-method signature="Questionaire4()[pri:5, instance:TestSuit.UK_AgeAbove16@35d019a3]" started-at="2023-10-31T02:08:51 IST" name="Questionaire4" finished-at="2023-10-31T02:08:53 IST" duration-ms="1167" status="PASS">
          <reporter-output>
          </reporter-output>
        </test-method> <!-- Questionaire4 -->
        <test-method signature="Questionaire5()[pri:6, instance:TestSuit.UK_AgeAbove16@35d019a3]" started-at="2023-10-31T02:08:53 IST" name="Questionaire5" finished-at="2023-10-31T02:08:54 IST" duration-ms="1119" status="PASS">
          <reporter-output>
          </reporter-output>
        </test-method> <!-- Questionaire5 -->
        <test-method signature="Questionaire6()[pri:7, instance:TestSuit.UK_AgeAbove16@35d019a3]" started-at="2023-10-31T02:08:54 IST" name="Questionaire6" finished-at="2023-10-31T02:08:55 IST" duration-ms="991" status="PASS">
          <reporter-output>
          </reporter-output>
        </test-method> <!-- Questionaire6 -->
        <test-method signature="Questionair7()[pri:8, instance:TestSuit.UK_AgeAbove16@35d019a3]" started-at="2023-10-31T02:08:55 IST" name="Questionair7" finished-at="2023-10-31T02:08:56 IST" duration-ms="1000" status="PASS">
          <reporter-output>
          </reporter-output>
        </test-method> <!-- Questionair7 -->
        <test-method signature="Questionaire8()[pri:9, instance:TestSuit.UK_AgeAbove16@35d019a3]" started-at="2023-10-31T02:08:56 IST" name="Questionaire8" finished-at="2023-10-31T02:08:57 IST" duration-ms="1256" status="PASS">
          <reporter-output>
          </reporter-output>
        </test-method> <!-- Questionaire8 -->
        <test-method signature="Questionaire9()[pri:10, instance:TestSuit.UK_AgeAbove16@35d019a3]" started-at="2023-10-31T02:08:57 IST" name="Questionaire9" finished-at="2023-10-31T02:08:58 IST" duration-ms="1098" status="PASS">
          <reporter-output>
          </reporter-output>
        </test-method> <!-- Questionaire9 -->
        <test-method signature="Questionaire10()[pri:11, instance:TestSuit.UK_AgeAbove16@35d019a3]" started-at="2023-10-31T02:08:58 IST" name="Questionaire10" finished-at="2023-10-31T02:08:58 IST" duration-ms="61" status="PASS">
          <reporter-output>
          </reporter-output>
        </test-method> <!-- Questionaire10 -->
        <test-method signature="Questionaire11()[pri:12, instance:TestSuit.UK_AgeAbove16@35d019a3]" started-at="2023-10-31T02:08:58 IST" name="Questionaire11" finished-at="2023-10-31T02:08:58 IST" duration-ms="120" status="PASS">
          <reporter-output>
          </reporter-output>
        </test-method> <!-- Questionaire11 -->
      </class> <!-- TestSuit.UK_AgeAbove16 -->
      <class name="TestSuit.UK_AgeBelow16">
        <test-method signature="StartTool()[pri:0, instance:TestSuit.UK_AgeBelow16@1283bb96]" started-at="2023-10-31T02:08:34 IST" name="StartTool" finished-at="2023-10-31T02:08:40 IST" duration-ms="5144" status="PASS">
          <reporter-output>
          </reporter-output>
        </test-method> <!-- StartTool -->
        <test-method signature="Questionaire1()[pri:1, instance:TestSuit.UK_AgeBelow16@1283bb96]" started-at="2023-10-31T02:08:40 IST" name="Questionaire1" finished-at="2023-10-31T02:08:41 IST" duration-ms="1003" status="PASS">
          <reporter-output>
          </reporter-output>
        </test-method> <!-- Questionaire1 -->
        <test-method signature="Questionaire2()[pri:3, instance:TestSuit.UK_AgeBelow16@1283bb96]" started-at="2023-10-31T02:08:41 IST" name="Questionaire2" finished-at="2023-10-31T02:08:42 IST" duration-ms="1186" status="PASS">
          <reporter-output>
          </reporter-output>
        </test-method> <!-- Questionaire2 -->
        <test-method signature="Questionaire3()[pri:4, instance:TestSuit.UK_AgeBelow16@1283bb96]" started-at="2023-10-31T02:08:42 IST" name="Questionaire3" finished-at="2023-10-31T02:08:43 IST" duration-ms="1179" status="PASS">
          <reporter-output>
          </reporter-output>
        </test-method> <!-- Questionaire3 -->
        <test-method signature="Questionaire4()[pri:5, instance:TestSuit.UK_AgeBelow16@1283bb96]" started-at="2023-10-31T02:08:43 IST" name="Questionaire4" finished-at="2023-10-31T02:08:44 IST" duration-ms="1139" status="PASS">
          <reporter-output>
          </reporter-output>
        </test-method> <!-- Questionaire4 -->
        <test-method signature="Questionaire10()[pri:6, instance:TestSuit.UK_AgeBelow16@1283bb96]" started-at="2023-10-31T02:08:44 IST" name="Questionaire10" finished-at="2023-10-31T02:08:44 IST" duration-ms="65" status="PASS">
          <reporter-output>
          </reporter-output>
        </test-method> <!-- Questionaire10 -->
        <test-method signature="Questionaire11()[pri:12, instance:TestSuit.UK_AgeBelow16@1283bb96]" started-at="2023-10-31T02:08:44 IST" name="Questionaire11" finished-at="2023-10-31T02:08:44 IST" duration-ms="139" status="PASS">
          <reporter-output>
          </reporter-output>
        </test-method> <!-- Questionaire11 -->
      </class> <!-- TestSuit.UK_AgeBelow16 -->
      <class name="TestSuit.UK_combinedTakeHomePayLessOrEqual£435_No">
        <test-method is-config="true" signature="StartTool(java.lang.String)[pri:0, instance:TestSuit.UK_combinedTakeHomePayLessOrEqual£435_No@3590fc5b]" started-at="2023-10-31T02:08:58 IST" name="StartTool" finished-at="2023-10-31T02:09:03 IST" duration-ms="5184" status="PASS">
          <params>
            <param index="0">
              <value>
                <![CDATA[chrome]]>
              </value>
            </param>
          </params>
          <reporter-output>
          </reporter-output>
        </test-method> <!-- StartTool -->
        <test-method signature="Questionaire1()[pri:1, instance:TestSuit.UK_combinedTakeHomePayLessOrEqual£435_No@3590fc5b]" started-at="2023-10-31T02:09:03 IST" name="Questionaire1" finished-at="2023-10-31T02:09:06 IST" duration-ms="2444" status="PASS">
          <reporter-output>
          </reporter-output>
        </test-method> <!-- Questionaire1 -->
        <test-method signature="Questionaire2()[pri:3, instance:TestSuit.UK_combinedTakeHomePayLessOrEqual£435_No@3590fc5b]" started-at="2023-10-31T02:09:06 IST" name="Questionaire2" finished-at="2023-10-31T02:09:08 IST" duration-ms="2488" status="PASS">
          <reporter-output>
          </reporter-output>
        </test-method> <!-- Questionaire2 -->
        <test-method signature="Questionaire3()[pri:4, instance:TestSuit.UK_combinedTakeHomePayLessOrEqual£435_No@3590fc5b]" started-at="2023-10-31T02:09:08 IST" name="Questionaire3" finished-at="2023-10-31T02:09:11 IST" duration-ms="2779" status="PASS">
          <reporter-output>
          </reporter-output>
        </test-method> <!-- Questionaire3 -->
        <test-method signature="Questionaire4()[pri:5, instance:TestSuit.UK_combinedTakeHomePayLessOrEqual£435_No@3590fc5b]" started-at="2023-10-31T02:09:11 IST" name="Questionaire4" finished-at="2023-10-31T02:09:14 IST" duration-ms="2523" status="PASS">
          <reporter-output>
          </reporter-output>
        </test-method> <!-- Questionaire4 -->
        <test-method signature="Questionaire5()[pri:6, instance:TestSuit.UK_combinedTakeHomePayLessOrEqual£435_No@3590fc5b]" started-at="2023-10-31T02:09:14 IST" name="Questionaire5" finished-at="2023-10-31T02:09:16 IST" duration-ms="2357" status="PASS">
          <reporter-output>
          </reporter-output>
        </test-method> <!-- Questionaire5 -->
        <test-method signature="Questionaire6()[pri:7, instance:TestSuit.UK_combinedTakeHomePayLessOrEqual£435_No@3590fc5b]" started-at="2023-10-31T02:09:16 IST" name="Questionaire6" finished-at="2023-10-31T02:09:18 IST" duration-ms="2455" status="PASS">
          <reporter-output>
          </reporter-output>
        </test-method> <!-- Questionaire6 -->
        <test-method signature="Questionair7()[pri:8, instance:TestSuit.UK_combinedTakeHomePayLessOrEqual£435_No@3590fc5b]" started-at="2023-10-31T02:09:18 IST" name="Questionair7" finished-at="2023-10-31T02:09:21 IST" duration-ms="2362" status="PASS">
          <reporter-output>
          </reporter-output>
        </test-method> <!-- Questionair7 -->
        <test-method signature="Questionaire8()[pri:9, instance:TestSuit.UK_combinedTakeHomePayLessOrEqual£435_No@3590fc5b]" started-at="2023-10-31T02:09:21 IST" name="Questionaire8" finished-at="2023-10-31T02:09:24 IST" duration-ms="3065" status="PASS">
          <reporter-output>
          </reporter-output>
        </test-method> <!-- Questionaire8 -->
        <test-method signature="Questionaire9()[pri:10, instance:TestSuit.UK_combinedTakeHomePayLessOrEqual£435_No@3590fc5b]" started-at="2023-10-31T02:09:24 IST" name="Questionaire9" finished-at="2023-10-31T02:09:26 IST" duration-ms="2349" status="PASS">
          <reporter-output>
          </reporter-output>
        </test-method> <!-- Questionaire9 -->
        <test-method signature="Questionaire12()[pri:11, instance:TestSuit.UK_combinedTakeHomePayLessOrEqual£435_No@3590fc5b]" started-at="2023-10-31T02:09:26 IST" name="Questionaire12" finished-at="2023-10-31T02:09:27 IST" duration-ms="1084" status="PASS">
          <reporter-output>
          </reporter-output>
        </test-method> <!-- Questionaire12 -->
        <test-method signature="Questionaire13()[pri:12, instance:TestSuit.UK_combinedTakeHomePayLessOrEqual£435_No@3590fc5b]" started-at="2023-10-31T02:09:27 IST" name="Questionaire13" finished-at="2023-10-31T02:09:28 IST" duration-ms="1091" status="PASS">
          <reporter-output>
          </reporter-output>
        </test-method> <!-- Questionaire13 -->
        <test-method signature="Questionaire14()[pri:13, instance:TestSuit.UK_combinedTakeHomePayLessOrEqual£435_No@3590fc5b]" started-at="2023-10-31T02:09:28 IST" name="Questionaire14" finished-at="2023-10-31T02:09:30 IST" duration-ms="1184" status="PASS">
          <reporter-output>
          </reporter-output>
        </test-method> <!-- Questionaire14 -->
        <test-method signature="Questionaire15()[pri:14, instance:TestSuit.UK_combinedTakeHomePayLessOrEqual£435_No@3590fc5b]" started-at="2023-10-31T02:09:30 IST" name="Questionaire15" finished-at="2023-10-31T02:09:31 IST" duration-ms="992" status="PASS">
          <reporter-output>
          </reporter-output>
        </test-method> <!-- Questionaire15 -->
        <test-method signature="Questionaire16()[pri:15, instance:TestSuit.UK_combinedTakeHomePayLessOrEqual£435_No@3590fc5b]" started-at="2023-10-31T02:09:31 IST" name="Questionaire16" finished-at="2023-10-31T02:09:32 IST" duration-ms="1142" status="PASS">
          <reporter-output>
          </reporter-output>
        </test-method> <!-- Questionaire16 -->
        <test-method signature="Questionaire17()[pri:16, instance:TestSuit.UK_combinedTakeHomePayLessOrEqual£435_No@3590fc5b]" started-at="2023-10-31T02:09:32 IST" name="Questionaire17" finished-at="2023-10-31T02:09:33 IST" duration-ms="1244" status="PASS">
          <reporter-output>
          </reporter-output>
        </test-method> <!-- Questionaire17 -->
        <test-method signature="Questionaire10()[pri:17, instance:TestSuit.UK_combinedTakeHomePayLessOrEqual£435_No@3590fc5b]" started-at="2023-10-31T02:09:33 IST" name="Questionaire10" finished-at="2023-10-31T02:12:53 IST" duration-ms="200102" status="PASS">
          <reporter-output>
          </reporter-output>
        </test-method> <!-- Questionaire10 -->
        <test-method signature="Questionaire11()[pri:20, instance:TestSuit.UK_combinedTakeHomePayLessOrEqual£435_No@3590fc5b]" started-at="2023-10-31T02:12:53 IST" name="Questionaire11" finished-at="2023-10-31T02:12:53 IST" duration-ms="194" status="PASS">
          <reporter-output>
          </reporter-output>
        </test-method> <!-- Questionaire11 -->
      </class> <!-- TestSuit.UK_combinedTakeHomePayLessOrEqual£435_No -->
    </test> <!-- Test -->
  </suite> <!-- Suite -->
</testng-results>
